<?xml version="1.0" encoding="UTF-8"?>
<!-- Generated by org.testng.reporters.JUnitReportReporter -->
<testsuite skipped="0" hostname="DESKTOP-9VF53AB" name="com.AglArena.PressReleaseTest" tests="1" failures="0" timestamp="21 Oct 2019 09:01:07 GMT" time="1061.701" errors="0">
  <testcase name="MSTATest" time="1061.701" classname="com.AglArena.PressReleaseTest"/>
</testsuite> <!-- com.AglArena.PressReleaseTest -->
