<?xml version="1.0" encoding="UTF-8"?>
<!-- Generated by org.testng.reporters.JUnitReportReporter -->
<testsuite skipped="0" hostname="DESKTOP-9VF53AB" name="com.AglArena.Booking_DealersFormTest" tests="1" failures="0" timestamp="15 Jan 2020 13:30:34 GMT" time="77.284" errors="0">
  <testcase name="BookingDealers" time="77.284" classname="com.AglArena.Booking_DealersFormTest"/>
</testsuite> <!-- com.AglArena.Booking_DealersFormTest -->
