<?xml version="1.0" encoding="UTF-8"?>
<!-- Generated by org.testng.reporters.JUnitReportReporter -->
<testsuite skipped="0" hostname="DESKTOP-9VF53AB" name="com.AglArena.PressReleasePage" tests="1" failures="0" timestamp="19 Jun 2020 09:34:25 GMT" time="54.889" errors="0">
  <testcase name="PRElementsTest" time="54.889" classname="com.AglArena.PressReleasePage"/>
</testsuite> <!-- com.AglArena.PressReleasePage -->
