<?xml version="1.0" encoding="UTF-8"?>
<!-- Generated by org.testng.reporters.JUnitReportReporter -->
<testsuite skipped="0" hostname="DESKTOP-9VF53AB" name="com.ArenaPages.LoginElements" tests="2" failures="0" timestamp="26 Feb 2020 10:53:30 GMT" time="158.131" errors="0">
  <testcase name="HomePage" time="32.793" classname="com.ArenaPages.LoginElements"/>
  <testcase name="LoginFrom" time="125.338" classname="com.ArenaPages.LoginElements"/>
</testsuite> <!-- com.ArenaPages.LoginElements -->
