<?xml version="1.0" encoding="UTF-8"?>
<!-- Generated by org.testng.reporters.JUnitReportReporter -->
<testsuite skipped="0" hostname="DESKTOP-9VF53AB" name="com.AglArena.PR_Verification" tests="1" failures="0" timestamp="28 Jul 2020 10:34:02 GMT" time="79.499" errors="0">
  <testcase name="PR_Validation" time="79.499" classname="com.AglArena.PR_Verification"/>
</testsuite> <!-- com.AglArena.PR_Verification -->
