<?xml version="1.0" encoding="UTF-8"?>
<!-- Generated by org.testng.reporters.JUnitReportReporter -->
<testsuite skipped="0" hostname="DESKTOP-9VF53AB" name="com.ArenaPages.ServicesElements" tests="1" failures="0" timestamp="06 Aug 2020 05:33:03 GMT" time="48.116" errors="0">
  <testcase name="costCalculator" time="48.116" classname="com.ArenaPages.ServicesElements"/>
</testsuite> <!-- com.ArenaPages.ServicesElements -->
