<?xml version="1.0" encoding="UTF-8"?>
<!-- Generated by org.testng.reporters.JUnitReportReporter -->
<testsuite skipped="0" hostname="DESKTOP-9VF53AB" name="com.AglArena.FloatingMenuTest" tests="1" failures="0" timestamp="18 Apr 2019 12:34:10 GMT" time="31.966" errors="0">
  <testcase name="floatingTest" time="31.966" classname="com.AglArena.FloatingMenuTest"/>
</testsuite> <!-- com.AglArena.FloatingMenuTest -->
