<?xml version="1.0" encoding="UTF-8"?>
<!-- Generated by org.testng.reporters.JUnitReportReporter -->
<testsuite skipped="0" hostname="DESKTOP-9VF53AB" name="com.AglArena.ServicesTest" tests="1" failures="0" timestamp="19 Feb 2020 11:29:56 GMT" time="42.951" errors="0">
  <testcase name="ServiceTest" time="42.951" classname="com.AglArena.ServicesTest"/>
</testsuite> <!-- com.AglArena.ServicesTest -->
