<?xml version="1.0" encoding="UTF-8"?>
<!-- Generated by org.testng.reporters.JUnitReportReporter -->
<testsuite skipped="0" hostname="DESKTOP-9VF53AB" name="Utility.ReadExcelFilePOI" tests="1" failures="0" timestamp="21 Nov 2019 10:59:45 GMT" time="946.656" errors="0">
  <testcase name="readExcel" time="946.656" classname="Utility.ReadExcelFilePOI"/>
</testsuite> <!-- Utility.ReadExcelFilePOI -->
