<?xml version="1.0" encoding="UTF-8"?>
<!-- Generated by org.testng.reporters.JUnitReportReporter -->
<testsuite skipped="0" hostname="DESKTOP-9VF53AB" name="com.AglArena.GetPriceListTestforAllCars" tests="1" failures="0" timestamp="23 Sep 2019 10:52:31 GMT" time="236.834" errors="0">
  <testcase name="AllCarsPriceTest" time="236.834" classname="com.AglArena.GetPriceListTestforAllCars"/>
</testsuite> <!-- com.AglArena.GetPriceListTestforAllCars -->
