<?xml version="1.0" encoding="UTF-8"?>
<!-- Generated by org.testng.reporters.JUnitReportReporter -->
<testsuite skipped="0" hostname="DESKTOP-9VF53AB" name="com.AglArena.MSGA_Verification" tests="1" failures="0" timestamp="28 Jul 2020 10:34:02 GMT" time="68.816" errors="0">
  <testcase name="MSGA_Validation" time="68.816" classname="com.AglArena.MSGA_Verification"/>
</testsuite> <!-- com.AglArena.MSGA_Verification -->
