<?xml version="1.0" encoding="UTF-8"?>
<!-- Generated by org.testng.reporters.JUnitReportReporter -->
<testsuite skipped="0" hostname="DESKTOP-9VF53AB" name="com.AglArena.PressReleaseTest" tests="1" failures="0" timestamp="27 Aug 2020 11:10:38 GMT" time="521.706" errors="0">
  <testcase name="MSTATest" time="521.706" classname="com.AglArena.PressReleaseTest"/>
</testsuite> <!-- com.AglArena.PressReleaseTest -->
